# Test: scall.hex

      Clk#   PC 
         4: 00000600 
         5: 00000400 
         6: 00000404 X11: f0000000
         7: 00000408 X10: 00000065
         9: 0000040c 
        10: 00000410 X10: 00000063
        12: 00000414 
        13: 00000418 X10: 00000061
        15: 0000041c 
        16: 00000420 X10: 0000006c
        18: 00000424 
        19: 00000428 X10: 0000006c
        21: 0000042c 
        22: 00000448 
        23: 00000560 
        24: 000000f4 
        25: 000000f8 
        26: 000000f8 
